build/app/outputs/mapping/release/usage.txt
com.varanasisoftwarejunction.gameapp.R$string
com.varanasisoftwarejunction.gameapp.R$styleable
com.varanasisoftwarejunction.gameapp.BuildConfig
com.varanasisoftwarejunction.gameapp.R$layout
com.varanasisoftwarejunction.gameapp.R$color
com.varanasisoftwarejunction.gameapp.R$attr
com.varanasisoftwarejunction.gameapp.R$dimen
com.varanasisoftwarejunction.gameapp.R$integer
com.varanasisoftwarejunction.gameapp.R$mipmap
com.varanasisoftwarejunction.gameapp.R$style
com.varanasisoftwarejunction.gameapp.R
com.varanasisoftwarejunction.gameapp.R$drawable
com.varanasisoftwarejunction.gameapp.R$id
...
androidx.core.app.NavUtils
androidx.core.graphics.ColorUtils
androidx.fragment.app.FragmentManager$BackStackEntry
androidx.core.view.DragStartHelper
io.flutter.view.FlutterView$1
androidx.core.content.res.ResourcesCompat
io.flutter.embedding.engine.FlutterShellArgs:
    public void <init>(java.lang.String[])
    public void <init>(java.util.Set)
    public void add(java.lang.String)
    public void remove(java.lang.String)
    public static final java.lang.String ARG_KEY_TRACE_STARTUP
    public static final java.lang.String ARG_TRACE_STARTUP
    public static final java.lang.String ARG_KEY_START_PAUSED
    public static final java.lang.String ARG_START_PAUSED
    public static final java.lang.String ARG_KEY_DISABLE_SERVICE_AUTH_CODES
    public static final java.lang.String ARG_DISABLE_SERVICE_AUTH_CODES
    public static final java.lang.String ARG_KEY_ENDLESS_TRACE_BUFFER
    public static final java.lang.String ARG_ENDLESS_TRACE_BUFFER
    public static final java.lang.String ARG_KEY_USE_TEST_FONTS
    public static final java.lang.String ARG_USE_TEST_FONTS
    public static final java.lang.String ARG_KEY_ENABLE_DART_PROFILING
    public static final java.lang.String ARG_ENABLE_DART_PROFILING
    public static final java.lang.String ARG_KEY_ENABLE_SOFTWARE_RENDERING
    public static final java.lang.String ARG_ENABLE_SOFTWARE_RENDERING
    public static final java.lang.String ARG_KEY_SKIA_DETERMINISTIC_RENDERING
    public static final java.lang.String ARG_SKIA_DETERMINISTIC_RENDERING
    public static final java.lang.String ARG_KEY_TRACE_SKIA
    public static final java.lang.String ARG_TRACE_SKIA
    public static final java.lang.String ARG_KEY_TRACE_SYSTRACE
org.jetbrains.annotations.Contract
androidx.fragment.app.FragmentTransitionImpl
androidx.versionedparcelable.VersionedParcel:
    private void writeCollection(java.util.Collection,int)
    private void writeCollection(java.util.Collection)
    private int getType(java.lang.Object)
    private void writeSerializable(java.io.Serializable)
    private int readExceptionCode()
    private java.lang.Exception readException(int,java.lang.String)
    protected static java.lang.Throwable getRootCause(java.lang.Throwable)
    private java.lang.Exception createException(int,java.lang.String)
    private java.util.Collection readCollection(java.util.Collection)
    protected abstract void writeByteArray(byte[],int,int)
    protected abstract void writeLong(long)
    protected abstract void writeFloat(float)
    protected abstract void writeDouble(double)
    protected abstract void writeStrongBinder(android.os.IBinder)
    protected abstract void writeStrongInterface(android.os.IInterface)
    protected abstract void writeBundle(android.os.Bundle)
    protected abstract long readLong()
    protected abstract float readFloat()
    protected abstract double readDouble()
    protected abstract android.os.IBinder readStrongBinder()
    protected abstract android.os.Bundle readBundle()
    public void writeStrongInterface(android.os.IInterface,int)
    public void writeBundle(android.os.Bundle,int)
    public void writeByteArray(byte[],int,int,int)
    public void writeLong(long,int)
    public void writeFloat(float,int)
    public void writeDouble(double,int)
androidx.core.provider.FontsContractCompat$3
androidx.core.view.ViewCompat$3
androidx.arch.core.executor.TaskExecutor
androidx.core.net.DatagramSocketWrapper$DatagramSocketImplWrapper
androidx.core.text.TextDirectionHeuristicCompat
androidx.customview.widget.ExploreByTouchHelper$1
androidx.core.graphics.PathSegment
androidx.core.app.SharedElementCallback
androidx.core.graphics.drawable.IconCompat$IconType
kotlin.io.AccessDeniedException
kotlin.UnsignedKt
android.support.v4.os.IResultReceiver
androidx.core.graphics.drawable.RoundedBitmapDrawable
kotlin.SafePublicationLazyImpl
kotlin.time.DurationUnitKt__DurationUnitJvmKt
io.flutter.embedding.android.FlutterFragmentActivity
kotlin.coroutines.jvm.internal.RestrictedSuspendLambda